<?xml version="1.0" encoding="UTF-8"?>
<!-- Generated by org.testng.reporters.JUnitReportReporter -->
<testsuite hostname="DESKTOP-K4U13B2" failures="0" tests="5" name="com.healthCare.executepageclasses.LoginPageTestClass" time="35.239" errors="0" timestamp="2023-08-23T09:39:23 IST" skipped="0">
  <testcase classname="com.healthCare.executepageclasses.LoginPageTestClass" name="verifyUnsuccessfulLogin" time="6.620"/>
  <system-out/>
  <testcase classname="com.healthCare.executepageclasses.LoginPageTestClass" name="verifyTheCorrectSiteIsLoadedWhileHittingTheURL" time="7.711"/>
  <system-out/>
  <testcase classname="com.healthCare.executepageclasses.LoginPageTestClass" name="verifySuccessfulLogin" time="7.640"/>
  <system-out/>
  <testcase classname="com.healthCare.executepageclasses.LoginPageTestClass" name="verifyUnsuccessfulLogin" time="7.244"/>
  <system-out/>
  <testcase classname="com.healthCare.executepageclasses.LoginPageTestClass" name="verifyUnsuccessfulLogin" time="6.024"/>
  <system-out/>
</testsuite> <!-- com.healthCare.executepageclasses.LoginPageTestClass -->
