<?xml version="1.0" encoding="UTF-8"?>
<!-- Generated by org.testng.reporters.JUnitReportReporter -->
<testsuite hostname="DESKTOP-K4U13B2" failures="0" tests="2" name="com.healthCare.executepageclasses.HomePageTestClass" time="16.367" errors="0" timestamp="2023-08-23T11:12:31 IST" skipped="0">
  <testcase classname="com.healthCare.executepageclasses.HomePageTestClass" name="verifyTheLogoIsDisplayedOrNotInHomePage" time="8.261"/>
  <system-out/>
  <testcase classname="com.healthCare.executepageclasses.HomePageTestClass" name="verifyAllTilesAreDisplayedInHomePage" time="8.106"/>
  <system-out/>
</testsuite> <!-- com.healthCare.executepageclasses.HomePageTestClass -->
