<?xml version="1.0" encoding="UTF-8"?>
<!-- Generated by org.testng.reporters.JUnitReportReporter -->
<testsuite hostname="DESKTOP-K4U13B2" failures="0" tests="2" name="com.healthCare.executepageclasses.RegisterAPatientTestClass" time="42.472" errors="0" timestamp="2023-08-23T09:48:15 IST" skipped="0">
  <testcase classname="com.healthCare.executepageclasses.RegisterAPatientTestClass" name="verifyToDeleteAPatient" time="23.174"/>
  <system-out/>
  <testcase classname="com.healthCare.executepageclasses.RegisterAPatientTestClass" name="verifyToRegisterAPatient" time="19.298"/>
  <system-out/>
</testsuite> <!-- com.healthCare.executepageclasses.RegisterAPatientTestClass -->
