<?xml version="1.0" encoding="UTF-8"?>
<!-- Generated by org.testng.reporters.JUnitReportReporter -->
<testsuite hostname="DESKTOP-K4U13B2" failures="0" tests="1" name="com.healthCare.executepageclasses.HomePageTestClass" time="12.369" errors="0" timestamp="2023-08-13T18:21:23 IST" skipped="0">
  <testcase classname="com.healthCare.executepageclasses.HomePageTestClass" name="verifyTheLogoIsDisplayedOrNotInHomePage" time="12.369"/>
  <system-out/>
</testsuite> <!-- com.healthCare.executepageclasses.HomePageTestClass -->
