<?xml version="1.0" encoding="UTF-8"?>
<!-- Generated by org.testng.reporters.JUnitReportReporter -->
<testsuite hostname="DESKTOP-K4U13B2" failures="0" tests="1" name="com.healthCare.executepageclasses.RegisterAPatientTestClass" time="37.915" errors="0" timestamp="2023-08-11T11:11:25 IST" skipped="0">
  <testcase classname="com.healthCare.executepageclasses.RegisterAPatientTestClass" name="verifyToDeleteAPatient" time="37.915"/>
  <system-out/>
</testsuite> <!-- com.healthCare.executepageclasses.RegisterAPatientTestClass -->
