<?xml version="1.0" encoding="UTF-8"?>
<!-- Generated by org.testng.reporters.JUnitReportReporter -->
<testsuite hostname="DESKTOP-K4U13B2" failures="0" tests="1" name="com.healthCare.executepageclasses.CaptureVitalsTestClass" time="7.205" errors="0" timestamp="2023-08-13T17:47:47 IST" skipped="0">
  <testcase classname="com.healthCare.executepageclasses.CaptureVitalsTestClass" name="verifyTheCorrectSiteIsLoadedWhileHittingTheURL" time="7.205"/>
  <system-out/>
</testsuite> <!-- com.healthCare.executepageclasses.CaptureVitalsTestClass -->
