<?xml version="1.0" encoding="UTF-8"?>
<!-- Generated by org.testng.reporters.JUnitReportReporter -->
<testsuite hostname="DESKTOP-K4U13B2" failures="0" tests="1" name="com.healthCare.executepageclasses.FindAPatientPageTestClass" time="18.247" errors="0" timestamp="2023-08-13T19:07:39 IST" skipped="0">
  <testcase classname="com.healthCare.executepageclasses.FindAPatientPageTestClass" name="verifyTheRegisteredPatientIsFoundOrNotInPatientRecordTable" time="18.247"/>
  <system-out/>
</testsuite> <!-- com.healthCare.executepageclasses.FindAPatientPageTestClass -->
