<?xml version="1.0" encoding="UTF-8"?>
<!-- Generated by org.testng.reporters.JUnitReportReporter -->
<testsuite hostname="DESKTOP-K4U13B2" failures="0" tests="1" name="com.healthCare.executepageclasses.CaptureVitalsTestClass" time="51.399" errors="0" timestamp="2023-08-14T15:17:08 IST" skipped="0">
  <testcase classname="com.healthCare.executepageclasses.CaptureVitalsTestClass" name="verifyAllAddVitalDetailsOfRegisteredPatient" time="51.399"/>
  <system-out/>
</testsuite> <!-- com.healthCare.executepageclasses.CaptureVitalsTestClass -->
